<?xml version="1.0" encoding="UTF-8" ?>
<records>
	<record>
		<name>Adrian Pace</name>
		<phone>(854) 754-7130</phone>
		<email>montes@yahoo.net</email>
		<country>Turkey</country>
		<numberrange>18</numberrange>
	</record>
	<record>
		<name>Kim Guzman</name>
		<phone>(558) 645-4210</phone>
		<email>sit.amet@protonmail.com</email>
		<country>Ireland</country>
		<numberrange>3</numberrange>
	</record>
	<record>
		<name>Preston Pollard</name>
		<phone>(638) 167-8585</phone>
		<email>non.vestibulum@hotmail.edu</email>
		<country>Brazil</country>
		<numberrange>17</numberrange>
	</record>
	<record>
		<name>Wyoming Arnold</name>
		<phone>(681) 798-8548</phone>
		<email>duis.mi@protonmail.edu</email>
		<country>Sweden</country>
		<numberrange>18</numberrange>
	</record>
	<record>
		<name>Venus Frye</name>
		<phone>(384) 997-8342</phone>
		<email>est.nunc@yahoo.com</email>
		<country>Philippines</country>
		<numberrange>14</numberrange>
	</record>
	<record>
		<name>Fritz Chapman</name>
		<phone>1-821-611-5788</phone>
		<email>pede.ac.urna@protonmail.edu</email>
		<country>Colombia</country>
		<numberrange>8</numberrange>
	</record>
	<record>
		<name>Fritz Chapman</name>
		<phone>1-821-611-5788</phone>
		<email>pede.ac.urna@protonmail.edu</email>
		<country>Colombia</country>
		<numberrange>8</numberrange>
	</record>
	<record>
		<name>Isadora Reese</name>
		<phone>(624) 977-7606</phone>
		<email>nunc@google.com</email>
		<country>Mexico</country>
		<numberrange>5</numberrange>
	</record>
	<record>
		<name>Eagan Craig</name>
		<phone>(970) 355-5560</phone>
		<email>diam.sed.diam@yahoo.com</email>
		<country>India</country>
		<numberrange>6</numberrange>
	</record>
	<record>
		<name>Flynn Solomon</name>
		<phone>(793) 813-4441</phone>
		<email>duis.risus.odio@outlook.couk</email>
		<country>Ireland</country>
		<numberrange>2</numberrange>
	</record>
	<record>
		<name>Blossom Coleman</name>
		<phone>1-940-456-4432</phone>
		<email>elit.dictum.eu@aol.edu</email>
		<country>Norway</country>
		<numberrange>0</numberrange>
	</record>
	<record>
		<name>Amanda Benton</name>
		<phone>1-698-725-0365</phone>
		<email>et.commodo.at@google.ca</email>
		<country>Sweden</country>
		<numberrange>0</numberrange>
	</record>
	<record>
		<name>Florence Miles</name>
		<phone>1-695-342-5817</phone>
		<email>magna.lorem.ipsum@google.org</email>
		<country>Costa Rica</country>
		<numberrange>7</numberrange>
	</record>
	<record>
		<name>Violet Powell</name>
		<phone>1-957-265-9268</phone>
		<email>sed.diam.lorem@google.org</email>
		<country>Colombia</country>
		<numberrange>1</numberrange>
	</record>
	<record>
		<name>Isaiah Mcgee</name>
		<phone>1-325-252-2506</phone>
		<email>ut@google.ca</email>
		<country>Netherlands</country>
		<numberrange>6</numberrange>
	</record>
	<record>
		<name>Clare Morrison</name>
		<phone>(434) 335-7396</phone>
		<email>semper.erat.in@icloud.edu</email>
		<country>Netherlands</country>
		<numberrange>8</numberrange>
	</record>
</records>